C:\USERS\HERETICAE\DOCUMENTS\GITHUB\LOZ\DEBUG\LEGEND OF ZELDA.EXE
C:\USERS\HERETICAE\DOCUMENTS\GITHUB\LOZ\DEBUG\LEGEND OF ZELDA.ILK
C:\USERS\HERETICAE\DOCUMENTS\GITHUB\LOZ\DEBUG\LEGEND OF ZELDA.PDB
C:\USERS\HERETICAE\DOCUMENTS\GITHUB\LOZ\LEGEND OF ZELDA\DEBUG\ARROW.OBJ
C:\Users\Hereticae\Documents\GitHub\LoZ\Legend of zelda\Debug\cl.command.1.tlog
C:\Users\Hereticae\Documents\GitHub\LoZ\Legend of zelda\Debug\CL.read.1.tlog
C:\Users\Hereticae\Documents\GitHub\LoZ\Legend of zelda\Debug\CL.write.1.tlog
C:\USERS\HERETICAE\DOCUMENTS\GITHUB\LOZ\LEGEND OF ZELDA\DEBUG\ENTITE.OBJ
C:\USERS\HERETICAE\DOCUMENTS\GITHUB\LOZ\LEGEND OF ZELDA\DEBUG\LEGEND OF ZELDA.EXE.INTERMEDIATE.MANIFEST
C:\USERS\HERETICAE\DOCUMENTS\GITHUB\LOZ\LEGEND OF ZELDA\DEBUG\LEGEND OF ZELDA.OBJ
C:\Users\Hereticae\Documents\GitHub\LoZ\Legend of zelda\Debug\link.command.1.tlog
C:\Users\Hereticae\Documents\GitHub\LoZ\Legend of zelda\Debug\link.read.1.tlog
C:\Users\Hereticae\Documents\GitHub\LoZ\Legend of zelda\Debug\link.write.1.tlog
C:\USERS\HERETICAE\DOCUMENTS\GITHUB\LOZ\LEGEND OF ZELDA\DEBUG\MAP.OBJ
C:\USERS\HERETICAE\DOCUMENTS\GITHUB\LOZ\LEGEND OF ZELDA\DEBUG\MONSTER.OBJ
C:\Users\Hereticae\Documents\GitHub\LoZ\Legend of zelda\Debug\mt.command.1.tlog
C:\Users\Hereticae\Documents\GitHub\LoZ\Legend of zelda\Debug\mt.read.1.tlog
C:\Users\Hereticae\Documents\GitHub\LoZ\Legend of zelda\Debug\mt.write.1.tlog
C:\USERS\HERETICAE\DOCUMENTS\GITHUB\LOZ\LEGEND OF ZELDA\DEBUG\PERSONNAGE.OBJ
C:\Users\Hereticae\Documents\GitHub\LoZ\Legend of zelda\Debug\vc100.idb
C:\USERS\HERETICAE\DOCUMENTS\GITHUB\LOZ\LEGEND OF ZELDA\DEBUG\VC100.PDB
